# Logfile created on Tue Mar 14 04:52:04 GMT 2006 by logger.rb/1.5.2.7


Processing MembersController#index (for 67.9.177.34 at 2006-08-21 21:04:37) [GET]
  Session ID: f59f1fc052786ddfcf1752d7b6ae02f9
  Parameters: {"action"=>"index", "controller"=>"members"}


MysqlError (Can't connect to local MySQL server through socket '/tmp/mysql.sock' (2)):
    /usr/lib/ruby/gems/1.8/gems/activerecord-1.14.4/lib/active_record/connection_adapters/mysql_adapter.rb:330:in `real_connect'
    /usr/lib/ruby/gems/1.8/gems/activerecord-1.14.4/lib/active_record/connection_adapters/mysql_adapter.rb:330:in `connect'
    /usr/lib/ruby/gems/1.8/gems/activerecord-1.14.4/lib/active_record/connection_adapters/mysql_adapter.rb:87:in `initialize'
    /usr/lib/ruby/gems/1.8/gems/activerecord-1.14.4/lib/active_record/connection_adapters/mysql_adapter.rb:36:in `new'
    /usr/lib/ruby/gems/1.8/gems/activerecord-1.14.4/lib/active_record/connection_adapters/mysql_adapter.rb:36:in `mysql_connection'
    /usr/lib/ruby/gems/1.8/gems/activerecord-1.14.4/lib/active_record/connection_adapters/abstract/connection_specification.rb:251:in `send'
    /usr/lib/ruby/gems/1.8/gems/activerecord-1.14.4/lib/active_record/connection_adapters/abstract/connection_specification.rb:251:in `connection_without_query_cache='
    /usr/lib/ruby/gems/1.8/gems/activerecord-1.14.4/lib/active_record/query_cache.rb:54:in `connection='
    /usr/lib/ruby/gems/1.8/gems/activerecord-1.14.4/lib/active_record/connection_adapters/abstract/connection_specification.rb:220:in `retrieve_connection'
    /usr/lib/ruby/gems/1.8/gems/activerecord-1.14.4/lib/active_record/connection_adapters/abstract/connection_specification.rb:78:in `connection'
    /usr/lib/ruby/gems/1.8/gems/activerecord-1.14.4/lib/active_record/base.rb:1046:in `add_limit!'
    /usr/lib/ruby/gems/1.8/gems/activerecord-1.14.4/lib/active_record/base.rb:1017:in `construct_finder_sql'
    /usr/lib/ruby/gems/1.8/gems/activerecord-1.14.4/lib/active_record/base.rb:924:in `find_every'
    /usr/lib/ruby/gems/1.8/gems/activerecord-1.14.4/lib/active_record/base.rb:381:in `find'
    /app/controllers/application.rb:10:in `prep_sidebar'
    /usr/lib/ruby/gems/1.8/gems/actionpack-1.12.5/lib/action_controller/filters.rb:399:in `send'
    /usr/lib/ruby/gems/1.8/gems/actionpack-1.12.5/lib/action_controller/filters.rb:399:in `call_filters'
    /usr/lib/ruby/gems/1.8/gems/actionpack-1.12.5/lib/action_controller/filters.rb:394:in `each'
    /usr/lib/ruby/gems/1.8/gems/actionpack-1.12.5/lib/action_controller/filters.rb:394:in `call_filters'
    /usr/lib/ruby/gems/1.8/gems/actionpack-1.12.5/lib/action_controller/filters.rb:383:in `before_action'
    /usr/lib/ruby/gems/1.8/gems/actionpack-1.12.5/lib/action_controller/filters.rb:365:in `perform_action_without_benchmark'
    /usr/lib/ruby/gems/1.8/gems/actionpack-1.12.5/lib/action_controller/benchmarking.rb:69:in `perform_action_without_rescue'
    /usr/lib/ruby/gems/1.8/gems/actionpack-1.12.5/lib/action_controller/benchmarking.rb:69:in `measure'
    /usr/lib/ruby/gems/1.8/gems/actionpack-1.12.5/lib/action_controller/benchmarking.rb:69:in `perform_action_without_rescue'
    /usr/lib/ruby/gems/1.8/gems/actionpack-1.12.5/lib/action_controller/rescue.rb:82:in `perform_action'
    /usr/lib/ruby/gems/1.8/gems/actionpack-1.12.5/lib/action_controller/base.rb:408:in `send'
    /usr/lib/ruby/gems/1.8/gems/actionpack-1.12.5/lib/action_controller/base.rb:408:in `process_without_filters'
    /usr/lib/ruby/gems/1.8/gems/actionpack-1.12.5/lib/action_controller/filters.rb:377:in `process_without_session_management_support'
    /usr/lib/ruby/gems/1.8/gems/actionpack-1.12.5/lib/action_controller/session_management.rb:117:in `process'
    /usr/lib/ruby/gems/1.8/gems/rails-1.1.6/lib/dispatcher.rb:38:in `dispatch'
    /usr/lib/ruby/gems/1.8/gems/rails-1.1.6/lib/webrick_server.rb:115:in `handle_dispatch'
    /usr/lib/ruby/gems/1.8/gems/rails-1.1.6/lib/webrick_server.rb:81:in `service'
    /usr/lib/ruby/1.8/webrick/httpserver.rb:104:in `service'
    /usr/lib/ruby/1.8/webrick/httpserver.rb:65:in `run'
    /usr/lib/ruby/1.8/webrick/server.rb:172:in `start_thread'
    /usr/lib/ruby/1.8/webrick/server.rb:161:in `start'
    /usr/lib/ruby/1.8/webrick/server.rb:161:in `start_thread'
    /usr/lib/ruby/1.8/webrick/server.rb:95:in `start'
    /usr/lib/ruby/1.8/webrick/server.rb:92:in `each'
    /usr/lib/ruby/1.8/webrick/server.rb:92:in `start'
    /usr/lib/ruby/1.8/webrick/server.rb:82:in `start'
    /usr/lib/ruby/1.8/webrick/server.rb:82:in `start'
    /usr/lib/ruby/gems/1.8/gems/rails-1.1.6/lib/webrick_server.rb:67:in `dispatch'
    /usr/lib/ruby/gems/1.8/gems/rails-1.1.6/lib/commands/servers/webrick.rb:59
    /usr/local/lib/site_ruby/1.8/rubygems/custom_require.rb:18:in `require__'
    /usr/local/lib/site_ruby/1.8/rubygems/custom_require.rb:18:in `require'
    /usr/lib/ruby/gems/1.8/gems/activesupport-1.3.1/lib/active_support/dependencies.rb:147:in `require'
    /usr/lib/ruby/gems/1.8/gems/rails-1.1.6/lib/commands/server.rb:30
    /usr/local/lib/site_ruby/1.8/rubygems/custom_require.rb:18:in `require__'
    /usr/local/lib/site_ruby/1.8/rubygems/custom_require.rb:18:in `require'
    /usr/lib/ruby/gems/1.8/gems/activesupport-1.3.1/lib/active_support/dependencies.rb:147:in `require'
    ./script/server:3


Rendering /usr/lib/ruby/gems/1.8/gems/actionpack-1.12.5/lib/action_controller/templates/rescues/layout.rhtml (500 Internal Error)


Processing MembersController#index (for 70.113.109.236 at 2006-10-09 23:02:26) [GET]
  Session ID: 543246c301a85ef43eb983d00f0db5ac
  Parameters: {"action"=>"index", "controller"=>"members"}


MysqlError (Can't connect to local MySQL server through socket '/tmp/mysql.sock' (2)):
    /usr/lib/ruby/gems/1.8/gems/activerecord-1.14.4/lib/active_record/connection_adapters/mysql_adapter.rb:330:in `real_connect'
    /usr/lib/ruby/gems/1.8/gems/activerecord-1.14.4/lib/active_record/connection_adapters/mysql_adapter.rb:330:in `connect'
    /usr/lib/ruby/gems/1.8/gems/activerecord-1.14.4/lib/active_record/connection_adapters/mysql_adapter.rb:87:in `initialize'
    /usr/lib/ruby/gems/1.8/gems/activerecord-1.14.4/lib/active_record/connection_adapters/mysql_adapter.rb:36:in `new'
    /usr/lib/ruby/gems/1.8/gems/activerecord-1.14.4/lib/active_record/connection_adapters/mysql_adapter.rb:36:in `mysql_connection'
    /usr/lib/ruby/gems/1.8/gems/activerecord-1.14.4/lib/active_record/connection_adapters/abstract/connection_specification.rb:251:in `send'
    /usr/lib/ruby/gems/1.8/gems/activerecord-1.14.4/lib/active_record/connection_adapters/abstract/connection_specification.rb:251:in `connection_without_query_cache='
    /usr/lib/ruby/gems/1.8/gems/activerecord-1.14.4/lib/active_record/query_cache.rb:54:in `connection='
    /usr/lib/ruby/gems/1.8/gems/activerecord-1.14.4/lib/active_record/connection_adapters/abstract/connection_specification.rb:220:in `retrieve_connection'
    /usr/lib/ruby/gems/1.8/gems/activerecord-1.14.4/lib/active_record/connection_adapters/abstract/connection_specification.rb:78:in `connection'
    /usr/lib/ruby/gems/1.8/gems/activerecord-1.14.4/lib/active_record/base.rb:1046:in `add_limit!'
    /usr/lib/ruby/gems/1.8/gems/activerecord-1.14.4/lib/active_record/base.rb:1017:in `construct_finder_sql'
    /usr/lib/ruby/gems/1.8/gems/activerecord-1.14.4/lib/active_record/base.rb:924:in `find_every'
    /usr/lib/ruby/gems/1.8/gems/activerecord-1.14.4/lib/active_record/base.rb:381:in `find'
    /app/controllers/application.rb:10:in `prep_sidebar'
    /usr/lib/ruby/gems/1.8/gems/actionpack-1.12.5/lib/action_controller/filters.rb:399:in `send'
    /usr/lib/ruby/gems/1.8/gems/actionpack-1.12.5/lib/action_controller/filters.rb:399:in `call_filters'
    /usr/lib/ruby/gems/1.8/gems/actionpack-1.12.5/lib/action_controller/filters.rb:394:in `each'
    /usr/lib/ruby/gems/1.8/gems/actionpack-1.12.5/lib/action_controller/filters.rb:394:in `call_filters'
    /usr/lib/ruby/gems/1.8/gems/actionpack-1.12.5/lib/action_controller/filters.rb:383:in `before_action'
    /usr/lib/ruby/gems/1.8/gems/actionpack-1.12.5/lib/action_controller/filters.rb:365:in `perform_action_without_benchmark'
    /usr/lib/ruby/gems/1.8/gems/actionpack-1.12.5/lib/action_controller/benchmarking.rb:69:in `perform_action_without_rescue'
    /usr/lib/ruby/gems/1.8/gems/actionpack-1.12.5/lib/action_controller/benchmarking.rb:69:in `measure'
    /usr/lib/ruby/gems/1.8/gems/actionpack-1.12.5/lib/action_controller/benchmarking.rb:69:in `perform_action_without_rescue'
    /usr/lib/ruby/gems/1.8/gems/actionpack-1.12.5/lib/action_controller/rescue.rb:82:in `perform_action'
    /usr/lib/ruby/gems/1.8/gems/actionpack-1.12.5/lib/action_controller/base.rb:408:in `send'
    /usr/lib/ruby/gems/1.8/gems/actionpack-1.12.5/lib/action_controller/base.rb:408:in `process_without_filters'
    /usr/lib/ruby/gems/1.8/gems/actionpack-1.12.5/lib/action_controller/filters.rb:377:in `process_without_session_management_support'
    /usr/lib/ruby/gems/1.8/gems/actionpack-1.12.5/lib/action_controller/session_management.rb:117:in `process'
    /usr/lib/ruby/gems/1.8/gems/rails-1.1.6/lib/dispatcher.rb:38:in `dispatch'
    dispatch.cgi:10


Rendering /usr/lib/ruby/gems/1.8/gems/actionpack-1.12.5/lib/action_controller/templates/rescues/layout.rhtml (500 Internal Error)
