# Logfile created on Thu Mar 09 22:05:35 GMT 2006 by logger.rb/1.5.2.7
[09/Mar/2006:22:05:35 :: 66382] starting
[09/Mar/2006:22:05:35 :: 66381] starting
[09/Mar/2006:22:43:28 :: 66381] asked to terminate immediately
[09/Mar/2006:22:43:28 :: 66381] terminated by explicit exit
[09/Mar/2006:22:43:28 :: 66382] asked to terminate immediately
[09/Mar/2006:22:43:28 :: 66382] terminated by explicit exit
[09/Mar/2006:22:43:50 :: 78932] starting
[09/Mar/2006:22:43:51 :: 78931] starting
[09/Mar/2006:22:43:59 :: 78932] asked to terminate immediately
[09/Mar/2006:22:43:59 :: 78932] terminated by explicit exit
[09/Mar/2006:22:43:59 :: 78931] asked to terminate immediately
[09/Mar/2006:22:43:59 :: 78931] terminated by explicit exit
[09/Mar/2006:22:44:07 :: 79023] starting
[09/Mar/2006:22:44:07 :: 79022] starting
[09/Mar/2006:22:44:49 :: 79023] asked to terminate immediately
[09/Mar/2006:22:44:49 :: 79023] terminated by explicit exit
[09/Mar/2006:22:44:49 :: 79022] asked to terminate immediately
[09/Mar/2006:22:44:49 :: 79022] terminated by explicit exit
[09/Mar/2006:22:45:19 :: 79458] starting
[09/Mar/2006:22:45:20 :: 79459] starting
[09/Mar/2006:23:08:04 :: 79458] asked to terminate immediately
[09/Mar/2006:23:08:04 :: 79458] terminated by explicit exit
[09/Mar/2006:23:08:04 :: 79459] asked to terminate immediately
[09/Mar/2006:23:08:04 :: 79459] terminated by explicit exit
[09/Mar/2006:23:08:18 :: 86062] starting
[09/Mar/2006:23:08:18 :: 86063] starting
[09/Mar/2006:23:09:05 :: 86063] asked to terminate immediately
[09/Mar/2006:23:09:05 :: 86063] terminated by explicit exit
[09/Mar/2006:23:09:05 :: 86062] asked to terminate immediately
[09/Mar/2006:23:09:05 :: 86062] terminated by explicit exit
[09/Mar/2006:23:09:27 :: 86386] starting
[09/Mar/2006:23:09:27 :: 86385] starting
[09/Mar/2006:23:10:54 :: 86386] asked to terminate immediately
[09/Mar/2006:23:10:54 :: 86386] terminated by explicit exit
[09/Mar/2006:23:10:54 :: 86385] asked to terminate immediately
[09/Mar/2006:23:10:54 :: 86385] terminated by explicit exit
[09/Mar/2006:23:11:27 :: 87117] starting
[09/Mar/2006:23:11:27 :: 87118] starting
[09/Mar/2006:23:17:11 :: 87118] asked to terminate immediately
[09/Mar/2006:23:17:11 :: 87118] terminated by explicit exit
[09/Mar/2006:23:17:11 :: 87117] asked to terminate immediately
[09/Mar/2006:23:17:11 :: 87117] terminated by explicit exit
[09/Mar/2006:23:17:36 :: 88938] starting
[09/Mar/2006:23:17:36 :: 88937] starting
[14/Mar/2006:04:51:03 :: 88938] asked to terminate immediately
[14/Mar/2006:04:51:03 :: 88938] terminated by explicit exit
[14/Mar/2006:04:51:03 :: 88937] asked to terminate immediately
[14/Mar/2006:04:51:03 :: 88937] terminated by explicit exit
[14/Mar/2006:04:52:44 :: 57957] starting
[14/Mar/2006:04:52:44 :: 57959] starting
[21/Mar/2006:05:19:09 :: 17800] starting
[21/Mar/2006:17:03:26 :: 17800] asked to terminate immediately
[21/Mar/2006:17:03:26 :: 17800] terminated by explicit exit
[21/Mar/2006:17:03:26 :: 57957] asked to terminate immediately
[21/Mar/2006:17:03:27 :: 57957] terminated by explicit exit
[21/Mar/2006:17:06:03 :: 51346] starting
[21/Mar/2006:17:06:03 :: 51347] starting
[06/Apr/2006:14:15:22 :: 97501] starting
[06/Apr/2006:14:15:22 :: 97500] starting
[06/Apr/2006:14:25:06 :: 97500] asked to terminate immediately
[06/Apr/2006:14:25:06 :: 97500] terminated by explicit exit
[06/Apr/2006:14:25:06 :: 97501] asked to terminate immediately
[06/Apr/2006:14:25:06 :: 97501] terminated by explicit exit
[06/Apr/2006:14:25:35 :: 1493] starting
[06/Apr/2006:14:25:36 :: 1494] starting
[06/Apr/2006:14:29:50 :: 1494] asked to terminate immediately
[06/Apr/2006:14:29:50 :: 1494] terminated by explicit exit
[06/Apr/2006:14:29:50 :: 1493] asked to terminate immediately
[06/Apr/2006:14:29:50 :: 1493] terminated by explicit exit
[06/Apr/2006:14:30:17 :: 3050] starting
[06/Apr/2006:14:30:17 :: 3054] starting
[06/Apr/2006:14:32:35 :: 3050] asked to terminate immediately
[06/Apr/2006:14:32:35 :: 3050] terminated by explicit exit
[06/Apr/2006:14:32:35 :: 3054] asked to terminate immediately
[06/Apr/2006:14:32:35 :: 3054] terminated by explicit exit
[06/Apr/2006:14:33:05 :: 4620] starting
[06/Apr/2006:14:33:05 :: 4619] starting
[22/Apr/2006:02:36:36 :: 4620] asked to terminate immediately
[22/Apr/2006:02:36:36 :: 4620] terminated by explicit exit
[22/Apr/2006:02:36:36 :: 4619] asked to terminate immediately
[22/Apr/2006:02:36:36 :: 4619] terminated by explicit exit
[22/Apr/2006:02:37:05 :: 64216] starting
[22/Apr/2006:02:37:05 :: 64214] starting
[22/Apr/2006:02:39:16 :: 64216] asked to terminate immediately
[22/Apr/2006:02:39:16 :: 64216] terminated by explicit exit
[22/Apr/2006:02:39:16 :: 64214] asked to terminate immediately
[22/Apr/2006:02:39:16 :: 64214] terminated by explicit exit
[22/Apr/2006:02:39:35 :: 65014] starting
[22/Apr/2006:02:39:35 :: 65015] starting
[13/May/2006:19:04:55 :: 13686] starting
[13/May/2006:19:04:55 :: 13687] starting
[24/May/2006:20:04:55 :: 88168] starting
[24/May/2006:20:04:55 :: 88167] starting
[30/May/2006:14:36:49 :: 1818] starting
[01/Jun/2006:04:22:37 :: 10369] starting
[01/Jun/2006:04:22:37 :: 10363] starting
[05/Jun/2006:22:11:17 :: 98091] starting
[05/Jun/2006:22:11:17 :: 98088] starting
[05/Jun/2006:22:11:38 :: 98091] asked to terminate immediately
[05/Jun/2006:22:11:38 :: 98091] terminated by explicit exit
[05/Jun/2006:22:11:38 :: 98088] asked to terminate immediately
[05/Jun/2006:22:11:38 :: 98088] terminated by explicit exit
[05/Jun/2006:22:11:47 :: 98238] starting
[05/Jun/2006:22:11:47 :: 98237] starting
[16/Jun/2006:02:31:03 :: 64118] starting
[16/Jun/2006:02:31:03 :: 64122] starting
[24/Jun/2006:02:05:47 :: 84244] starting
[24/Jun/2006:19:27:28 :: 45814] starting
[24/Jun/2006:19:27:28 :: 45810] starting
[27/Jun/2006:02:14:35 :: 30111] starting
[27/Jun/2006:02:14:35 :: 30114] starting
[27/Jun/2006:02:23:17 :: 45814] asked to terminate immediately
[27/Jun/2006:02:23:18 :: 45814] terminated by explicit exit
[27/Jun/2006:02:23:18 :: 45810] asked to terminate immediately
[27/Jun/2006:02:23:19 :: 45810] terminated by explicit exit
[01/Jul/2006:19:42:50 :: 30019] starting
[09/Jul/2006:02:56:10 :: 37957] starting
[19/Jul/2006:20:59:07 :: 8414] starting
[19/Jul/2006:20:59:07 :: 8411] starting
[30/Jul/2006:04:09:08 :: 70796] starting
[30/Jul/2006:04:09:08 :: 70792] starting
[01/Aug/2006:12:05:48 :: 79164] starting
[01/Aug/2006:12:05:48 :: 79166] starting
[03/Aug/2006:12:24:58 :: 87986] starting
[03/Aug/2006:12:24:58 :: 87992] starting
[08/Aug/2006:02:51:22 :: 39596] starting
[08/Aug/2006:02:51:32 :: 39616] starting
[10/Aug/2006:14:56:41 :: 69708] starting
[10/Aug/2006:14:56:41 :: 69710] starting
[21/Aug/2006:20:06:18 :: 29282] starting
